<?xml version="1.0" encoding="UTF-8"?>
<testng-results skipped="0" failed="0" total="0" passed="0">
  <reporter-output>
  </reporter-output>
  <suite name="com.bootcamp.test.ebay.AppTest" duration-ms="5" started-at="2019-02-17T02:07:50Z" finished-at="2019-02-17T02:07:50Z">
    <groups>
    </groups>
    <test name="Command line test" duration-ms="5" started-at="2019-02-17T02:07:50Z" finished-at="2019-02-17T02:07:50Z">
    </test> <!-- Command line test -->
  </suite> <!-- com.bootcamp.test.ebay.AppTest -->
</testng-results>
