<?xml version="1.0" encoding="UTF-8"?>
<testng-results skipped="0" failed="0" ignored="0" total="1" passed="1">
  <reporter-output>
  </reporter-output>
  <suite name="Suite" duration-ms="12389" started-at="2019-01-31T03:09:32Z" finished-at="2019-01-31T03:09:44Z">
    <groups>
    </groups>
    <test name="Test" duration-ms="12389" started-at="2019-01-31T03:09:32Z" finished-at="2019-01-31T03:09:44Z">
      <class name="com.test.pages.demoaut">
        <test-method status="PASS" signature="beforeMethod()[pri:0, instance:com.test.pages.demoaut@123064f]" name="beforeMethod" is-config="true" duration-ms="9814" started-at="2019-01-31T03:09:32Z" finished-at="2019-01-31T03:09:41Z">
          <reporter-output>
          </reporter-output>
        </test-method> <!-- beforeMethod -->
        <test-method status="PASS" signature="f()[pri:0, instance:com.test.pages.demoaut@123064f]" name="f" duration-ms="1865" started-at="2019-01-31T03:09:41Z" finished-at="2019-01-31T03:09:43Z">
          <reporter-output>
          </reporter-output>
        </test-method> <!-- f -->
        <test-method status="PASS" signature="afterMethod()[pri:0, instance:com.test.pages.demoaut@123064f]" name="afterMethod" is-config="true" duration-ms="667" started-at="2019-01-31T03:09:43Z" finished-at="2019-01-31T03:09:44Z">
          <reporter-output>
          </reporter-output>
        </test-method> <!-- afterMethod -->
      </class> <!-- com.test.pages.demoaut -->
    </test> <!-- Test -->
  </suite> <!-- Suite -->
</testng-results>
