<?xml version="1.0" encoding="UTF-8"?>
<testng-results skipped="0" failed="0" ignored="0" total="1" passed="1">
  <reporter-output>
  </reporter-output>
  <suite name="Default suite" duration-ms="1390" started-at="2019-03-12T04:09:02Z" finished-at="2019-03-12T04:09:03Z">
    <groups>
    </groups>
    <test name="Default test" duration-ms="1390" started-at="2019-03-12T04:09:02Z" finished-at="2019-03-12T04:09:03Z">
      <class name="ApiSampleTest.getApiTest">
        <test-method status="PASS" signature="setUp()[pri:0, instance:ApiSampleTest.getApiTest@66a3ffec]" name="setUp" is-config="true" duration-ms="10" started-at="2019-03-12T04:09:02Z" finished-at="2019-03-12T04:09:02Z">
          <reporter-output>
          </reporter-output>
        </test-method> <!-- setUp -->
        <test-method status="PASS" signature="getTestWithHeaders()[pri:0, instance:ApiSampleTest.getApiTest@66a3ffec]" name="getTestWithHeaders" duration-ms="1334" started-at="2019-03-12T04:09:02Z" finished-at="2019-03-12T04:09:03Z">
          <reporter-output>
          </reporter-output>
        </test-method> <!-- getTestWithHeaders -->
      </class> <!-- ApiSampleTest.getApiTest -->
    </test> <!-- Default test -->
  </suite> <!-- Default suite -->
</testng-results>
