<?xml version="1.0" encoding="UTF-8"?>
<!-- Generated by org.testng.reporters.JUnitXMLReporter -->
<testsuite hostname="DESKTOP-T9V106E" ignored="0" name="Test3" tests="5" failures="4" timestamp="15 Mar 2019 19:24:00 GMT" time="8.688" errors="0">
  <testcase name="f1" time="0.001" classname="test.Test3"/>
  <testcase name="f2" time="0.0" classname="test.Test3">
    <failure type="org.testng.TestNGException" message="
Cannot inject @Test annotated Method [f2] with [int, int].
For more information on native dependency injection please refer to http://testng.org/doc/documentation-main.html#native-dependency-injection">
      <![CDATA[org.testng.TestNGException: 
Cannot inject @Test annotated Method [f2] with [int, int].
For more information on native dependency injection please refer to http://testng.org/doc/documentation-main.html#native-dependency-injection
... Removed 24 stack frames]]>
    </failure>
  </testcase> <!-- f2 -->
  <testcase name="f3" time="0.0" classname="test.Test3">
    <failure type="org.testng.TestNGException" message="
Cannot inject @Test annotated Method [f3] with [int, int].
For more information on native dependency injection please refer to http://testng.org/doc/documentation-main.html#native-dependency-injection">
      <![CDATA[org.testng.TestNGException: 
Cannot inject @Test annotated Method [f3] with [int, int].
For more information on native dependency injection please refer to http://testng.org/doc/documentation-main.html#native-dependency-injection
... Removed 24 stack frames]]>
    </failure>
  </testcase> <!-- f3 -->
  <testcase name="f4" time="0.0" classname="test.Test3">
    <failure type="org.testng.TestNGException" message="
Cannot inject @Test annotated Method [f4] with [int, int].
For more information on native dependency injection please refer to http://testng.org/doc/documentation-main.html#native-dependency-injection">
      <![CDATA[org.testng.TestNGException: 
Cannot inject @Test annotated Method [f4] with [int, int].
For more information on native dependency injection please refer to http://testng.org/doc/documentation-main.html#native-dependency-injection
... Removed 24 stack frames]]>
    </failure>
  </testcase> <!-- f4 -->
  <testcase name="f5" time="0.0" classname="test.Test3">
    <failure type="org.testng.TestNGException" message="
Cannot inject @Test annotated Method [f5] with [int, int].
For more information on native dependency injection please refer to http://testng.org/doc/documentation-main.html#native-dependency-injection">
      <![CDATA[org.testng.TestNGException: 
Cannot inject @Test annotated Method [f5] with [int, int].
For more information on native dependency injection please refer to http://testng.org/doc/documentation-main.html#native-dependency-injection
... Removed 24 stack frames]]>
    </failure>
  </testcase> <!-- f5 -->
</testsuite> <!-- Test3 -->
