<?xml version="1.0" encoding="UTF-8"?>
<!-- Generated by org.testng.reporters.JUnitXMLReporter -->
<testsuite hostname="DESKTOP-T9V106E" ignored="2" name="Test" tests="1" failures="0" timestamp="15 Mar 2019 20:10:22 GMT" time="0.038" errors="0">
  <testcase name="test3" time="0.012" classname="test.NewTest"/>
  <testcase name="test2" time="0.0" classname="test.NewTest">
    <ignored/>
  </testcase> <!-- test2 -->
  <testcase name="test1" time="0.0" classname="test.NewTest">
    <ignored/>
  </testcase> <!-- test1 -->
</testsuite> <!-- Test -->
