<?xml version="1.0" encoding="UTF-8"?>
<!-- Generated by org.testng.reporters.JUnitXMLReporter -->
<testsuite hostname="DESKTOP-T9V106E" ignored="0" name="Test2" tests="5" failures="0" timestamp="15 Mar 2019 19:23:52 GMT" time="40.393" errors="0">
  <testcase name="f1" time="0.001" classname="test.Test2"/>
  <testcase name="f2" time="0.001" classname="test.Test2"/>
  <testcase name="f3" time="0.001" classname="test.Test2"/>
  <testcase name="f4" time="0.001" classname="test.Test2"/>
  <testcase name="f5" time="0.0" classname="test.Test2"/>
</testsuite> <!-- Test2 -->
