<?xml version="1.0" encoding="UTF-8"?>
<testng-results skipped="0" failed="0" ignored="0" total="1" passed="1">
  <reporter-output>
  </reporter-output>
  <suite name="Default suite" duration-ms="1017" started-at="2019-04-03T01:43:43Z" finished-at="2019-04-03T01:43:44Z">
    <groups>
    </groups>
    <test name="Default test" duration-ms="1017" started-at="2019-04-03T01:43:43Z" finished-at="2019-04-03T01:43:44Z">
      <class name="MySQL.TestMySQLAirat">
        <test-method status="PASS" signature="testDB()[pri:0, instance:MySQL.TestMySQLAirat@51081592]" name="testDB" duration-ms="960" started-at="2019-04-03T01:43:43Z" finished-at="2019-04-03T01:43:44Z">
          <reporter-output>
          </reporter-output>
        </test-method> <!-- testDB -->
      </class> <!-- MySQL.TestMySQLAirat -->
    </test> <!-- Default test -->
  </suite> <!-- Default suite -->
</testng-results>
