<?xml version="1.0" encoding="UTF-8"?>
<!-- Generated by org.testng.reporters.JUnitXMLReporter -->
<testsuite hostname="DESKTOP-T9V106E" ignored="0" name="snmoketest" tests="3" failures="0" timestamp="06 Jan 2019 16:22:59 GMT" time="49.248" errors="0">
  <testcase name="f" time="6.813" classname="com.TestNG.example.Expedia"/>
  <testcase name="register1" time="5.377" classname="com.TestNG.example.Amazon"/>
  <testcase name="register2" time="3.5" classname="com.TestNG.example.Amazon"/>
</testsuite> <!-- snmoketest -->
