<?xml version="1.0" encoding="UTF-8"?>
<!-- Generated by org.testng.reporters.JUnitXMLReporter -->
<testsuite hostname="DESKTOP-T9V106E" ignored="0" name="Cars" tests="7" failures="0" timestamp="10 Jan 2019 02:46:50 GMT" time="0.049" errors="0">
  <testcase name="A6" time="0.009" classname="com.TestNG.example.Dependency"/>
  <testcase name="Accord" time="0.002" classname="com.TestNG.example.Dependency"/>
  <testcase name="Civic" time="0.001" classname="com.TestNG.example.Dependency"/>
  <testcase name="Elantra" time="0.002" classname="com.TestNG.example.Dependency"/>
  <testcase name="SCRV" time="0.001" classname="com.TestNG.example.Dependency"/>
  <testcase name="Q5" time="0.001" classname="com.TestNG.example.Dependency"/>
  <testcase name="X5" time="0.001" classname="com.TestNG.example.Dependency"/>
</testsuite> <!-- Cars -->
