<?xml version="1.0" encoding="UTF-8"?>
<testng-results skipped="0" failed="0" ignored="0" total="1" passed="1">
  <reporter-output>
  </reporter-output>
  <suite name="Regr Test" duration-ms="24793" started-at="2019-04-16T04:09:50Z" finished-at="2019-04-16T04:10:14Z">
    <groups>
    </groups>
    <test name="Regr Amazon" duration-ms="24793" started-at="2019-04-16T04:09:50Z" finished-at="2019-04-16T04:10:14Z">
      <class name="com.amazon.salesapplication.regression">
        <test-method status="PASS" signature="beforeMethod()[pri:0, instance:com.amazon.salesapplication.regression@224edc67]" name="beforeMethod" is-config="true" duration-ms="18308" started-at="2019-04-16T04:09:50Z" finished-at="2019-04-16T04:10:08Z">
          <reporter-output>
          </reporter-output>
        </test-method> <!-- beforeMethod -->
        <test-method status="PASS" signature="f()[pri:0, instance:com.amazon.salesapplication.regression@224edc67]" name="f" duration-ms="5001" started-at="2019-04-16T04:10:08Z" finished-at="2019-04-16T04:10:13Z">
          <reporter-output>
          </reporter-output>
        </test-method> <!-- f -->
        <test-method status="PASS" signature="afterMethod()[pri:0, instance:com.amazon.salesapplication.regression@224edc67]" name="afterMethod" is-config="true" duration-ms="1457" started-at="2019-04-16T04:10:13Z" finished-at="2019-04-16T04:10:14Z">
          <reporter-output>
          </reporter-output>
        </test-method> <!-- afterMethod -->
      </class> <!-- com.amazon.salesapplication.regression -->
    </test> <!-- Regr Amazon -->
  </suite> <!-- Regr Test -->
</testng-results>
