<?xml version="1.0" encoding="UTF-8"?>
<testng-results skipped="0" failed="0" ignored="0" total="1" passed="1">
  <reporter-output>
  </reporter-output>
  <suite name="Default suite" duration-ms="16877" started-at="2019-01-29T20:16:35Z" finished-at="2019-01-29T20:16:52Z">
    <groups>
    </groups>
    <test name="Default test" duration-ms="16877" started-at="2019-01-29T20:16:35Z" finished-at="2019-01-29T20:16:52Z">
      <class name="XpathCssselector.regression">
        <test-method status="PASS" signature="beforeMethod()[pri:0, instance:XpathCssselector.regression@1081592]" name="beforeMethod" is-config="true" duration-ms="11415" started-at="2019-01-29T20:16:35Z" finished-at="2019-01-29T20:16:46Z">
          <reporter-output>
          </reporter-output>
        </test-method> <!-- beforeMethod -->
        <test-method status="PASS" signature="f()[pri:0, instance:XpathCssselector.regression@1081592]" name="f" duration-ms="2500" started-at="2019-01-29T20:16:46Z" finished-at="2019-01-29T20:16:49Z">
          <reporter-output>
          </reporter-output>
        </test-method> <!-- f -->
        <test-method status="PASS" signature="afterMethod()[pri:0, instance:XpathCssselector.regression@1081592]" name="afterMethod" is-config="true" duration-ms="2929" started-at="2019-01-29T20:16:49Z" finished-at="2019-01-29T20:16:52Z">
          <reporter-output>
          </reporter-output>
        </test-method> <!-- afterMethod -->
      </class> <!-- XpathCssselector.regression -->
    </test> <!-- Default test -->
  </suite> <!-- Default suite -->
</testng-results>
