<?xml version="1.0" encoding="UTF-8"?>
<!-- Generated by org.testng.reporters.JUnitXMLReporter -->
<testsuite hostname="DESKTOP-T9V106E" name="Demoaut2" tests="1" failures="1" timestamp="20 Jan 2019 06:29:09 GMT" time="9.225" errors="0">
  <testcase name="f" time="9.208" classname="com.testNG.Homework.DemoPar">
    <failure type="org.openqa.selenium.WebDriverException" message="Returned value cannot be converted to WebElement: {stacktrace=, error=invalid session id, message=session null does not exist}
Build info: version: &amp;apos;2.44.0&amp;apos;, revision: &amp;apos;76d78cf&amp;apos;, time: &amp;apos;2014-10-23 20:02:37&amp;apos;
System info: host: &amp;apos;DESKTOP-T9V106E&amp;apos;, ip: &amp;apos;192.168.63.1&amp;apos;, os.name: &amp;apos;Windows 10&amp;apos;, os.arch: &amp;apos;x86&amp;apos;, os.version: &amp;apos;10.0&amp;apos;, java.version: &amp;apos;1.8.0_201&amp;apos;
Driver info: driver.version: RemoteWebDriver">
      <![CDATA[org.openqa.selenium.WebDriverException: Returned value cannot be converted to WebElement: {stacktrace=, error=invalid session id, message=session null does not exist}
Build info: version: '2.44.0', revision: '76d78cf', time: '2014-10-23 20:02:37'
System info: host: 'DESKTOP-T9V106E', ip: '192.168.63.1', os.name: 'Windows 10', os.arch: 'x86', os.version: '10.0', java.version: '1.8.0_201'
Driver info: driver.version: RemoteWebDriver
	at org.openqa.selenium.remote.RemoteWebDriver.findElement(RemoteWebDriver.java:359)
	at org.openqa.selenium.remote.RemoteWebDriver.findElementByLinkText(RemoteWebDriver.java:401)
	at org.openqa.selenium.By$ByLinkText.findElement(By.java:242)
	at org.openqa.selenium.remote.RemoteWebDriver.findElement(RemoteWebDriver.java:344)
	at com.testNG.Homework.DemoPar.f(DemoPar.java:41)
	at java.util.concurrent.FutureTask.run(Unknown Source)
	at java.util.concurrent.ThreadPoolExecutor.runWorker(Unknown Source)
	at java.util.concurrent.ThreadPoolExecutor$Worker.run(Unknown Source)
	at java.lang.Thread.run(Unknown Source)
Caused by: java.lang.ClassCastException: com.google.common.collect.Maps$TransformedEntriesMap cannot be cast to org.openqa.selenium.WebElement
	at org.openqa.selenium.remote.RemoteWebDriver.findElement(RemoteWebDriver.java:357)
	... 24 more
... Removed 16 stack frames]]>
    </failure>
  </testcase> <!-- f -->
</testsuite> <!-- Demoaut2 -->
