<?xml version="1.0" encoding="UTF-8"?>
<!-- Generated by org.testng.reporters.JUnitXMLReporter -->
<testsuite hostname="DESKTOP-T9V106E" ignored="0" name="FirefoxTest" tests="1" failures="1" timestamp="01 Feb 2019 04:03:59 GMT" time="0.476" errors="0">
  <testcase name="f" time="0.428" classname="com.TestNG.example.Paralleltesting">
    <failure type="org.openqa.selenium.WebDriverException" message="Cannot find firefox binary in PATH. Make sure firefox is installed. OS appears to be: WIN10
Build info: version: &amp;apos;3.141.59&amp;apos;, revision: &amp;apos;e82be7d358&amp;apos;, time: &amp;apos;2018-11-14T08:25:53&amp;apos;
System info: host: &amp;apos;DESKTOP-T9V106E&amp;apos;, ip: &amp;apos;192.168.63.1&amp;apos;, os.name: &amp;apos;Windows 10&amp;apos;, os.arch: &amp;apos;amd64&amp;apos;, os.version: &amp;apos;10.0&amp;apos;, java.version: &amp;apos;1.8.0_201&amp;apos;
Driver info: driver.version: FirefoxDriver">
      <![CDATA[org.openqa.selenium.WebDriverException: Cannot find firefox binary in PATH. Make sure firefox is installed. OS appears to be: WIN10
Build info: version: '3.141.59', revision: 'e82be7d358', time: '2018-11-14T08:25:53'
System info: host: 'DESKTOP-T9V106E', ip: '192.168.63.1', os.name: 'Windows 10', os.arch: 'amd64', os.version: '10.0', java.version: '1.8.0_201'
Driver info: driver.version: FirefoxDriver
at org.openqa.selenium.firefox.FirefoxBinary.<init>(FirefoxBinary.java:100)
at java.util.Optional.orElseGet(Optional.java:267)
at org.openqa.selenium.firefox.FirefoxOptions.getBinary(FirefoxOptions.java:216)
at org.openqa.selenium.firefox.FirefoxDriver.toExecutor(FirefoxDriver.java:187)
at org.openqa.selenium.firefox.FirefoxDriver.<init>(FirefoxDriver.java:147)
at org.openqa.selenium.firefox.FirefoxDriver.<init>(FirefoxDriver.java:125)
at com.TestNG.example.Paralleltesting.f(Paralleltesting.java:27)
at java.util.concurrent.FutureTask.run(FutureTask.java:266)
at java.util.concurrent.ThreadPoolExecutor.runWorker(ThreadPoolExecutor.java:1149)
at java.util.concurrent.ThreadPoolExecutor$Worker.run(ThreadPoolExecutor.java:624)
at java.lang.Thread.run(Thread.java:748)
... Removed 16 stack frames]]>
    </failure>
  </testcase> <!-- f -->
</testsuite> <!-- FirefoxTest -->
