<?xml version="1.0" encoding="UTF-8"?>
<!-- Generated by org.testng.reporters.JUnitXMLReporter -->
<testsuite hostname="DESKTOP-T9V106E" ignored="0" name="Default test(failed)" tests="1" failures="1" timestamp="16 Mar 2019 13:43:41 GMT" time="124.872" errors="0">
  <testcase name="printLinks" time="112.867" classname="com.crm.qa.testCases.HomePageLinks">
    <failure type="java.net.MalformedURLException" message="no protocol: ">
      <![CDATA[java.net.MalformedURLException: no protocol: 
at java.net.URL.<init>(URL.java:593)
at java.net.URL.<init>(URL.java:490)
at java.net.URL.<init>(URL.java:439)
at com.crm.qa.pages.HomePage.CheckAllLinks(HomePage.java:34)
at com.crm.qa.testCases.HomePageLinks.printLinks(HomePageLinks.java:28)
... Removed 25 stack frames]]>
    </failure>
  </testcase> <!-- printLinks -->
</testsuite> <!-- Default test(failed) -->
